<?xml version="1.0" encoding="UTF-8"?>
<coverage generated="1645090739413" clover="3.2.0">
  <project timestamp="1645090739413" name="All files">
    <metrics statements="11" coveredstatements="7" conditionals="1" coveredconditionals="1" methods="3" coveredmethods="1" elements="15" coveredelements="9" complexity="0" loc="11" ncloc="11" packages="1" files="1" classes="1"/>
    <file name="func.ts" path="C:\Users\WORKER\Documents\GitHub\fe-learning\TS：前端自动化测试系统学习\src\03_使用jest\func.ts">
      <metrics statements="11" coveredstatements="7" conditionals="1" coveredconditionals="1" methods="3" coveredmethods="1"/>
      <line num="1" count="1" type="cond" truecount="1" falsecount="0"/>
      <line num="2" count="1" type="stmt"/>
      <line num="3" count="1" type="stmt"/>
      <line num="4" count="1" type="stmt"/>
      <line num="5" count="1" type="stmt"/>
      <line num="6" count="0" type="stmt"/>
      <line num="7" count="0" type="stmt"/>
      <line num="8" count="1" type="stmt"/>
      <line num="9" count="1" type="stmt"/>
      <line num="10" count="0" type="stmt"/>
      <line num="11" count="0" type="stmt"/>
    </file>
  </project>
</coverage>
